<?xml version="1.0" encoding="UTF-8"?>
<testsuite xmlns:xsi="http://www.w3.org/2001/XMLSchema-instance" xsi:noNamespaceSchemaLocation="https://maven.apache.org/surefire/maven-surefire-plugin/xsd/surefire-test-report-3.0.xsd" version="3.0" name="com.udacity.webcrawler.WebCrawlerTest" time="1.414" tests="13" errors="0" skipped="0" failures="0">
  <properties>
[...]
</properties>
  <testcase name="testParallelParallelism" classname="com.udacity.webcrawler.WebCrawlerTest" time="0.748"/>
  <testcase name="testBasicCrawl(Class)[1]" classname="com.udacity.webcrawler.WebCrawlerTest" time="0.244"/>
  <testcase name="zeroMaxDepth(Class)[1]" classname="com.udacity.webcrawler.WebCrawlerTest" time="0.033"/>
  <testcase name="respectsMaxDepth(Class)[1]" classname="com.udacity.webcrawler.WebCrawlerTest" time="0.039"/>
  <testcase name="testOverrideToParallel" classname="com.udacity.webcrawler.WebCrawlerTest" time="0.022"/>
  <testcase name="testSequentialParallelism" classname="com.udacity.webcrawler.WebCrawlerTest" time="0.022"/>
  <testcase name="noStartPages(Class)[1]" classname="com.udacity.webcrawler.WebCrawlerTest" time="0.021"/>
  <testcase name="pageNotFoundStillCountsAsVisited(Class)[1]" classname="com.udacity.webcrawler.WebCrawlerTest" time="0.023"/>
  <testcase name="respectsIgnoredUrls(Class)[1]" classname="com.udacity.webcrawler.WebCrawlerTest" time="0.029"/>
  <testcase name="respectsIgnoredWords(Class)[1]" classname="com.udacity.webcrawler.WebCrawlerTest" time="0.024"/>
  <testcase name="multipleStartingUrls(Class)[1]" classname="com.udacity.webcrawler.WebCrawlerTest" time="0.028"/>
  <testcase name="infiniteLoop(Class)[1]" classname="com.udacity.webcrawler.WebCrawlerTest" time="0.022"/>
  <testcase name="testOverrideToSequential" classname="com.udacity.webcrawler.WebCrawlerTest" time="0.017"/>
</testsuite>